<?xml version="1.0" encoding="UTF-8"?>
<!-- Generated by org.testng.reporters.JUnitReportReporter -->
<testsuite hostname="DESKTOP-HSLV41C" name="scripts.TestCreateUser" tests="1" failures="0" timestamp="26 Sep 2020 10:10:25 GMT" time="107.566" errors="0">
  <testcase name="testCreateUser" time="107.566" classname="scripts.TestCreateUser"/>
</testsuite> <!-- scripts.TestCreateUser -->
