<?xml version="1.0" encoding="UTF-8"?>
<!-- Generated by org.testng.reporters.JUnitReportReporter -->
<testsuite hostname="DESKTOP-HSLV41C" name="scripts.TestCreateUser" tests="1" failures="0" timestamp="28 Sep 2020 14:39:07 GMT" time="2.519" errors="0">
  <testcase name="testCreateUser" time="2.519" classname="scripts.TestCreateUser"/>
</testsuite> <!-- scripts.TestCreateUser -->
